<?xml version="1.0" encoding="UTF-8"?>
<!-- Generated by org.testng.reporters.JUnitReportReporter -->
<testsuite hostname="IBM-PF31MHX3" failures="0" tests="1" name="testCases.TestExtentReportAllSections" time="1.095" errors="0" timestamp="2024-11-29T21:22:44 IST" skipped="0">
  <testcase classname="testCases.TestExtentReportAllSections" name="testExtent" time="1.095"/>
</testsuite> <!-- testCases.TestExtentReportAllSections -->
