<?xml version="1.0" encoding="UTF-8"?>
<!-- Generated by org.testng.reporters.JUnitReportReporter -->
<testsuite hostname="IBM-PF31MHX3" failures="0" tests="1" name="testCases.TC01" time="3.447" errors="0" timestamp="2024-11-28T19:11:35 IST" skipped="0">
  <testcase classname="testCases.TC01" name="TestReg" time="3.447"/>
</testsuite> <!-- testCases.TC01 -->
