<?xml version="1.0" encoding="UTF-8"?>
<!-- Generated by org.testng.reporters.JUnitReportReporter -->
<testsuite hostname="IBM-PF31MHX3" failures="0" tests="1" name="testCases.TestExtentReports" time="0.577" errors="0" timestamp="2024-12-03T16:34:44 IST" skipped="0">
  <testcase classname="testCases.TestExtentReports" name="testExtent" time="0.577"/>
</testsuite> <!-- testCases.TestExtentReports -->
