<?xml version="1.0" encoding="UTF-8"?>
<!-- Generated by org.testng.reporters.JUnitReportReporter -->
<testsuite hostname="IBM-PF31MHX3" failures="0" tests="1" name="testCases.TestExtent" time="0.371" errors="0" timestamp="2024-12-02T16:53:59 IST" skipped="0">
  <testcase classname="testCases.TestExtent" name="testRepor" time="0.371"/>
</testsuite> <!-- testCases.TestExtent -->
