<?xml version="1.0" encoding="UTF-8"?>
<!-- Generated by org.testng.reporters.JUnitReportReporter -->
<testsuite hostname="IBM-PF31MHX3" failures="0" tests="1" name="testCases.TC01_Registration" time="2.087" errors="0" timestamp="2024-12-02T21:19:36 IST" skipped="0">
  <testcase classname="testCases.TC01_Registration" name="TestReg" time="2.087"/>
</testsuite> <!-- testCases.TC01_Registration -->
