<?xml version="1.0" encoding="UTF-8"?>
<!-- Generated by org.testng.reporters.JUnitReportReporter -->
<testsuite hostname="IBM-PF31MHX3" failures="0" tests="1" name="testBase.TC01" time="1.915" errors="0" timestamp="2024-11-28T16:54:49 IST" skipped="0">
  <testcase classname="testBase.TC01" name="TestReg" time="1.915"/>
</testsuite> <!-- testBase.TC01 -->
