<?xml version="1.0" encoding="UTF-8"?>
<!-- Generated by org.testng.reporters.JUnitReportReporter -->
<testsuite hostname="IBM-PF31MHX3" failures="0" tests="1" name="testCases.TestExtentReportsLogLevels" time="1.083" errors="0" timestamp="2024-11-29T20:47:51 IST" skipped="0">
  <testcase classname="testCases.TestExtentReportsLogLevels" name="testExtent" time="1.083"/>
</testsuite> <!-- testCases.TestExtentReportsLogLevels -->
