<?xml version="1.0" encoding="UTF-8"?>
<!-- Generated by org.testng.reporters.JUnitReportReporter -->
<testsuite hostname="IBM-PF31MHX3" failures="0" tests="1" name="testCases.TC02_LoginTest" time="3.538" errors="0" timestamp="2024-12-02T17:03:27 IST" skipped="0">
  <testcase classname="testCases.TC02_LoginTest" name="verify_Login" time="3.538"/>
</testsuite> <!-- testCases.TC02_LoginTest -->
