<?xml version="1.0" encoding="UTF-8"?>
<!-- Generated by org.testng.reporters.JUnitReportReporter -->
<testsuite hostname="IBM-PF31MHX3" failures="0" tests="1" name="utilities.ExtentReportManager" time="0.213" errors="0" timestamp="2024-12-03T16:16:31 IST" skipped="0">
  <testcase classname="utilities.ExtentReportManager" name="Report" time="0.213"/>
</testsuite> <!-- utilities.ExtentReportManager -->
